<?xml version="1.0" encoding="UTF-8"?>
<testng-results ignored="0" total="1" passed="1" failed="0" skipped="0">
  <reporter-output>
  </reporter-output>
  <suite started-at="2025-03-20T19:12:24 IST" name="Suite" finished-at="2025-03-20T19:13:07 IST" duration-ms="43149">
    <groups>
    </groups>
    <test started-at="2025-03-20T19:12:24 IST" name="Test" finished-at="2025-03-20T19:13:07 IST" duration-ms="43149">
      <class name="tests.Test01">
        <test-method is-config="true" signature="setUp(java.lang.String)[pri:0, instance:tests.Test01@46cdf8bd]" started-at="2025-03-20T19:12:24 IST" name="setUp" finished-at="2025-03-20T19:12:31 IST" duration-ms="7112" status="PASS">
          <params>
            <param index="0">
              <value>
                <![CDATA[chrome]]>
              </value>
            </param>
          </params>
          <reporter-output>
          </reporter-output>
        </test-method> <!-- setUp -->
        <test-method signature="testEcommerce()[pri:0, instance:tests.Test01@46cdf8bd]" started-at="2025-03-20T19:12:31 IST" name="testEcommerce" finished-at="2025-03-20T19:13:07 IST" duration-ms="35660" status="PASS">
          <reporter-output>
          </reporter-output>
        </test-method> <!-- testEcommerce -->
        <test-method is-config="true" signature="tearDown()[pri:0, instance:tests.Test01@46cdf8bd]" started-at="2025-03-20T19:13:07 IST" name="tearDown" finished-at="2025-03-20T19:13:07 IST" duration-ms="314" status="PASS">
          <reporter-output>
          </reporter-output>
        </test-method> <!-- tearDown -->
      </class> <!-- tests.Test01 -->
    </test> <!-- Test -->
  </suite> <!-- Suite -->
</testng-results>
